<?xml version="1.0" encoding="UTF-8"?>
<!-- Generated by org.testng.reporters.JUnitXMLReporter -->
<testsuite ignored="0" hostname="LAPTOP-PHOPIO1R" failures="0" tests="2" name="Default test" time="1.534" errors="0" timestamp="2022-06-14T14:18:21 IST">
  <testcase classname="com.qa.testngdemo.SeleniumTestngDemoTest" name="verifySignInLink" time="0.16"/>
  <testcase classname="com.qa.testngdemo.SeleniumTestngDemoTest" name="verifyGoogleSearchbutton" time="0.054"/>
</testsuite> <!-- Default test -->
