<?xml version="1.0" encoding="UTF-8"?>
<testng-results ignored="0" total="2" passed="2" failed="0" skipped="0">
  <reporter-output>
  </reporter-output>
  <suite started-at="2022-06-14T14:18:20 IST" name="Default suite" finished-at="2022-06-14T14:18:21 IST" duration-ms="1534">
    <groups>
    </groups>
    <test started-at="2022-06-14T14:18:20 IST" name="Default test" finished-at="2022-06-14T14:18:21 IST" duration-ms="1534">
      <class name="com.qa.testngdemo.SeleniumTestngDemoTest">
        <test-method is-config="true" signature="setup()[pri:0, instance:com.qa.testngdemo.SeleniumTestngDemoTest@71def8f8]" started-at="2022-06-14T14:18:17 IST" name="setup" finished-at="2022-06-14T14:18:20 IST" duration-ms="2489" status="PASS">
          <reporter-output>
          </reporter-output>
        </test-method> <!-- setup -->
        <test-method is-config="true" signature="Google()[pri:0, instance:com.qa.testngdemo.SeleniumTestngDemoTest@71def8f8]" started-at="2022-06-14T14:18:20 IST" name="Google" finished-at="2022-06-14T14:18:21 IST" duration-ms="1015" status="PASS">
          <reporter-output>
          </reporter-output>
        </test-method> <!-- Google -->
        <test-method signature="verifySignInLink()[pri:1, instance:com.qa.testngdemo.SeleniumTestngDemoTest@71def8f8]" started-at="2022-06-14T14:18:21 IST" name="verifySignInLink" finished-at="2022-06-14T14:18:21 IST" duration-ms="160" status="PASS">
          <reporter-output>
          </reporter-output>
        </test-method> <!-- verifySignInLink -->
        <test-method signature="verifyGoogleSearchbutton()[pri:2, instance:com.qa.testngdemo.SeleniumTestngDemoTest@71def8f8]" started-at="2022-06-14T14:18:21 IST" name="verifyGoogleSearchbutton" finished-at="2022-06-14T14:18:21 IST" duration-ms="54" status="PASS">
          <reporter-output>
          </reporter-output>
        </test-method> <!-- verifyGoogleSearchbutton -->
        <test-method is-config="true" signature="tearDown()[pri:0, instance:com.qa.testngdemo.SeleniumTestngDemoTest@71def8f8]" started-at="2022-06-14T14:18:21 IST" name="tearDown" finished-at="2022-06-14T14:18:21 IST" duration-ms="246" status="PASS">
          <reporter-output>
          </reporter-output>
        </test-method> <!-- tearDown -->
      </class> <!-- com.qa.testngdemo.SeleniumTestngDemoTest -->
    </test> <!-- Default test -->
  </suite> <!-- Default suite -->
</testng-results>
